[15-Jul-2020 12:11:20 UTC] PHP Fatal error:  Maximum execution time of 30 seconds exceeded in /home1/wihendwa/public_html/wp-includes/class-wp-image-editor.php on line 489
[15-Jul-2020 13:16:13 UTC] The update_woocommerce_term_meta function is deprecated since version 3.6. Replace with update_term_meta.
[15-Jul-2020 13:16:13 UTC] The update_woocommerce_term_meta function is deprecated since version 3.6. Replace with update_term_meta.
[15-Jul-2020 13:16:54 UTC] The update_woocommerce_term_meta function is deprecated since version 3.6. Replace with update_term_meta.
[15-Jul-2020 13:16:54 UTC] The update_woocommerce_term_meta function is deprecated since version 3.6. Replace with update_term_meta.
[15-Jul-2020 13:17:57 UTC] The update_woocommerce_term_meta function is deprecated since version 3.6. Replace with update_term_meta.
[15-Jul-2020 13:17:57 UTC] The update_woocommerce_term_meta function is deprecated since version 3.6. Replace with update_term_meta.
[15-Jul-2020 13:18:34 UTC] The update_woocommerce_term_meta function is deprecated since version 3.6. Replace with update_term_meta.
[15-Jul-2020 13:18:34 UTC] The update_woocommerce_term_meta function is deprecated since version 3.6. Replace with update_term_meta.
[01-Aug-2020 10:29:24 UTC] PHP Fatal error:  Maximum execution time of 30 seconds exceeded in /home1/wihendwa/public_html/wp-includes/class-wp-image-editor-imagick.php on line 355
[01-Aug-2020 10:41:40 UTC] PHP Fatal error:  Maximum execution time of 30 seconds exceeded in /home1/wihendwa/public_html/wp-includes/class-wp-image-editor.php on line 489
[01-Aug-2020 11:35:23 UTC] PHP Fatal error:  Maximum execution time of 30 seconds exceeded in /home1/wihendwa/public_html/wp-includes/class-wp-image-editor-imagick.php on line 355
[02-Aug-2020 19:45:02 UTC] PHP Warning:  Error while sending QUERY packet. PID=936779 in /home1/wihendwa/public_html/wp-includes/wp-db.php on line 2024
[05-Aug-2020 18:46:49 UTC] PHP Fatal error:  Maximum execution time of 30 seconds exceeded in /home1/wihendwa/public_html/wp-includes/class-wp-image-editor-imagick.php on line 355
[05-Aug-2020 18:54:09 UTC] The update_woocommerce_term_meta function is deprecated since version 3.6. Replace with update_term_meta.
[05-Aug-2020 18:54:09 UTC] The update_woocommerce_term_meta function is deprecated since version 3.6. Replace with update_term_meta.
[05-Aug-2020 20:11:46 UTC] PHP Fatal error:  Uncaught WC_Data_Exception: Invalid or duplicated SKU. in /home1/wihendwa/public_html/wp-content/plugins/woocommerce/includes/abstracts/abstract-wc-data.php:810
Stack trace:
#0 /home1/wihendwa/public_html/wp-content/plugins/woocommerce/includes/abstracts/abstract-wc-product.php(820): WC_Data->error('product_invalid...', 'Invalid or dupl...', 400, Array)
#1 /home1/wihendwa/public_html/wp-content/plugins/dokan-pro/includes/Products.php(941): WC_Product->set_sku('KG')
#2 /home1/wihendwa/public_html/wp-includes/class-wp-hook.php(287): WeDevs\DokanPro\Products->product_inline_edit('')
#3 /home1/wihendwa/public_html/wp-includes/class-wp-hook.php(311): WP_Hook->apply_filters('', Array)
#4 /home1/wihendwa/public_html/wp-includes/plugin.php(478): WP_Hook->do_action(Array)
#5 /home1/wihendwa/public_html/wp-admin/admin-ajax.php(175): do_action('wp_ajax_dokan_p...')
#6 {main}
  thrown in /home1/wihendwa/public_html/wp-content/plugins/woocommerce/includes/abstracts/abstract-wc-data.php on line 810
[05-Aug-2020 20:11:58 UTC] PHP Fatal error:  Uncaught WC_Data_Exception: Invalid or duplicated SKU. in /home1/wihendwa/public_html/wp-content/plugins/woocommerce/includes/abstracts/abstract-wc-data.php:810
Stack trace:
#0 /home1/wihendwa/public_html/wp-content/plugins/woocommerce/includes/abstracts/abstract-wc-product.php(820): WC_Data->error('product_invalid...', 'Invalid or dupl...', 400, Array)
#1 /home1/wihendwa/public_html/wp-content/plugins/dokan-pro/includes/Products.php(941): WC_Product->set_sku('KG')
#2 /home1/wihendwa/public_html/wp-includes/class-wp-hook.php(287): WeDevs\DokanPro\Products->product_inline_edit('')
#3 /home1/wihendwa/public_html/wp-includes/class-wp-hook.php(311): WP_Hook->apply_filters('', Array)
#4 /home1/wihendwa/public_html/wp-includes/plugin.php(478): WP_Hook->do_action(Array)
#5 /home1/wihendwa/public_html/wp-admin/admin-ajax.php(175): do_action('wp_ajax_dokan_p...')
#6 {main}
  thrown in /home1/wihendwa/public_html/wp-content/plugins/woocommerce/includes/abstracts/abstract-wc-data.php on line 810
[05-Aug-2020 20:14:14 UTC] PHP Fatal error:  Uncaught WC_Data_Exception: Invalid or duplicated SKU. in /home1/wihendwa/public_html/wp-content/plugins/woocommerce/includes/abstracts/abstract-wc-data.php:810
Stack trace:
#0 /home1/wihendwa/public_html/wp-content/plugins/woocommerce/includes/abstracts/abstract-wc-product.php(820): WC_Data->error('product_invalid...', 'Invalid or dupl...', 400, Array)
#1 /home1/wihendwa/public_html/wp-content/plugins/dokan-pro/includes/Products.php(941): WC_Product->set_sku('KG')
#2 /home1/wihendwa/public_html/wp-includes/class-wp-hook.php(287): WeDevs\DokanPro\Products->product_inline_edit('')
#3 /home1/wihendwa/public_html/wp-includes/class-wp-hook.php(311): WP_Hook->apply_filters('', Array)
#4 /home1/wihendwa/public_html/wp-includes/plugin.php(478): WP_Hook->do_action(Array)
#5 /home1/wihendwa/public_html/wp-admin/admin-ajax.php(175): do_action('wp_ajax_dokan_p...')
#6 {main}
  thrown in /home1/wihendwa/public_html/wp-content/plugins/woocommerce/includes/abstracts/abstract-wc-data.php on line 810
[06-Aug-2020 18:22:35 UTC] PHP Fatal error:  Maximum execution time of 30 seconds exceeded in /home1/wihendwa/public_html/wp-includes/class-wp-image-editor-imagick.php on line 355
[11-Aug-2020 11:17:41 UTC] The update_woocommerce_term_meta function is deprecated since version 3.6. Replace with update_term_meta.
[11-Aug-2020 11:17:41 UTC] The update_woocommerce_term_meta function is deprecated since version 3.6. Replace with update_term_meta.
[11-Aug-2020 11:18:07 UTC] The update_woocommerce_term_meta function is deprecated since version 3.6. Replace with update_term_meta.
[11-Aug-2020 11:18:07 UTC] The update_woocommerce_term_meta function is deprecated since version 3.6. Replace with update_term_meta.
[19-Aug-2020 18:05:09 UTC] PHP Warning:  Error while sending QUERY packet. PID=705220 in /home1/wihendwa/public_html/wp-includes/wp-db.php on line 2024
[23-Aug-2020 22:08:33 UTC] PHP Warning:  Error while sending QUERY packet. PID=156942 in /home1/wihendwa/public_html/wp-includes/wp-db.php on line 2024
[24-Aug-2020 08:29:54 UTC] PHP Notice:  Undefined property: Vc_Updater::$title in /home1/wihendwa/public_html/wp-content/plugins/js_composer/include/classes/updaters/class-vc-updating-manager.php on line 99
[24-Aug-2020 08:29:58 UTC] PHP Notice:  Undefined property: Vc_Updater::$title in /home1/wihendwa/public_html/wp-content/plugins/js_composer/include/classes/updaters/class-vc-updating-manager.php on line 99
[24-Aug-2020 08:29:59 UTC] PHP Notice:  Undefined property: Vc_Updater::$title in /home1/wihendwa/public_html/wp-content/plugins/js_composer/include/classes/updaters/class-vc-updating-manager.php on line 99
[24-Aug-2020 18:21:51 UTC] PHP Warning:  array_map(): Expected parameter 2 to be an array, string given in /home1/wihendwa/public_html/wp-includes/class-wp-query.php on line 2077
[24-Aug-2020 18:21:51 UTC] PHP Warning:  implode(): Invalid arguments passed in /home1/wihendwa/public_html/wp-includes/class-wp-query.php on line 2077
[24-Aug-2020 18:21:51 UTC] WordPress database error You have an error in your SQL syntax; check the manual that corresponds to your MySQL server version for the right syntax to use near ') AND wp_posts.post_type = 'static_block' AND ((wp_posts.post_status = 'publish'' at line 1 for query SELECT   wp_posts.* FROM wp_posts  WHERE 1=1  AND wp_posts.ID IN () AND wp_posts.post_type = 'static_block' AND ((wp_posts.post_status = 'publish'))  ORDER BY wp_posts.post_date DESC  made by do_action('customize_controls_print_footer_scripts'), WP_Hook->do_action, WP_Hook->apply_filters, WP_Customize_Manager->customize_pane_settings, WP_Customize_Control->json, WP_Customize_Control->to_json, WP_Customize_Control->get_content, WP_Customize_Control->maybe_render, Redux_Customizer_Control->render, Redux_Customizer_Control->render_content, do_action('redux/advanced_customizer/control/render/electro_options-shop_jumbotron_id'), WP_Hook->do_action, WP_Hook->apply_filters, Redux_Extension_Customizer->render, Redux_Page_Render->field_input, Redux_Select->render, Redux_WordPress_Data->get, Redux_WordPress_Data->get_data, get_posts, WP_Query->query, WP_Query->get_posts
[24-Aug-2020 18:26:21 UTC] PHP Warning:  Error while sending QUERY packet. PID=785894 in /home1/wihendwa/public_html/wp-includes/wp-db.php on line 2024
[24-Aug-2020 20:51:35 UTC] PHP Warning:  Error while sending QUERY packet. PID=59503 in /home1/wihendwa/public_html/wp-includes/wp-db.php on line 2024
[26-Aug-2020 08:05:49 UTC] PHP Warning:  array_map(): Expected parameter 2 to be an array, string given in /home1/wihendwa/public_html/wp-includes/class-wp-query.php on line 2077
[26-Aug-2020 08:05:49 UTC] PHP Warning:  implode(): Invalid arguments passed in /home1/wihendwa/public_html/wp-includes/class-wp-query.php on line 2077
[26-Aug-2020 08:05:49 UTC] WordPress database error You have an error in your SQL syntax; check the manual that corresponds to your MySQL server version for the right syntax to use near ') AND wp_posts.post_type = 'static_block' AND ((wp_posts.post_status = 'publish'' at line 1 for query SELECT   wp_posts.* FROM wp_posts  WHERE 1=1  AND wp_posts.ID IN () AND wp_posts.post_type = 'static_block' AND ((wp_posts.post_status = 'publish'))  ORDER BY wp_posts.post_date DESC  made by do_action('customize_controls_print_footer_scripts'), WP_Hook->do_action, WP_Hook->apply_filters, WP_Customize_Manager->customize_pane_settings, WP_Customize_Control->json, WP_Customize_Control->to_json, WP_Customize_Control->get_content, WP_Customize_Control->maybe_render, Redux_Customizer_Control->render, Redux_Customizer_Control->render_content, do_action('redux/advanced_customizer/control/render/electro_options-shop_jumbotron_id'), WP_Hook->do_action, WP_Hook->apply_filters, Redux_Extension_Customizer->render, Redux_Page_Render->field_input, Redux_Select->render, Redux_WordPress_Data->get, Redux_WordPress_Data->get_data, get_posts, WP_Query->query, WP_Query->get_posts
[27-Aug-2020 21:41:24 UTC] PHP Warning:  array_map(): Expected parameter 2 to be an array, string given in /home1/wihendwa/public_html/wp-includes/class-wp-query.php on line 2077
[27-Aug-2020 21:41:24 UTC] PHP Warning:  implode(): Invalid arguments passed in /home1/wihendwa/public_html/wp-includes/class-wp-query.php on line 2077
[27-Aug-2020 21:41:24 UTC] WordPress database error You have an error in your SQL syntax; check the manual that corresponds to your MySQL server version for the right syntax to use near ') AND wp_posts.post_type = 'static_block' AND ((wp_posts.post_status = 'publish'' at line 1 for query SELECT   wp_posts.* FROM wp_posts  WHERE 1=1  AND wp_posts.ID IN () AND wp_posts.post_type = 'static_block' AND ((wp_posts.post_status = 'publish'))  ORDER BY wp_posts.post_date DESC  made by do_action('customize_controls_print_footer_scripts'), WP_Hook->do_action, WP_Hook->apply_filters, WP_Customize_Manager->customize_pane_settings, WP_Customize_Control->json, WP_Customize_Control->to_json, WP_Customize_Control->get_content, WP_Customize_Control->maybe_render, Redux_Customizer_Control->render, Redux_Customizer_Control->render_content, do_action('redux/advanced_customizer/control/render/electro_options-shop_jumbotron_id'), WP_Hook->do_action, WP_Hook->apply_filters, Redux_Extension_Customizer->render, Redux_Page_Render->field_input, Redux_Select->render, Redux_WordPress_Data->get, Redux_WordPress_Data->get_data, get_posts, WP_Query->query, WP_Query->get_posts
[30-Aug-2020 06:53:00 UTC] PHP Warning:  array_map(): Expected parameter 2 to be an array, string given in /home1/wihendwa/public_html/wp-includes/class-wp-query.php on line 2077
[30-Aug-2020 06:53:00 UTC] PHP Warning:  implode(): Invalid arguments passed in /home1/wihendwa/public_html/wp-includes/class-wp-query.php on line 2077
[30-Aug-2020 06:53:00 UTC] WordPress database error You have an error in your SQL syntax; check the manual that corresponds to your MySQL server version for the right syntax to use near ') AND wp_posts.post_type = 'static_block' AND ((wp_posts.post_status = 'publish'' at line 1 for query SELECT   wp_posts.* FROM wp_posts  WHERE 1=1  AND wp_posts.ID IN () AND wp_posts.post_type = 'static_block' AND ((wp_posts.post_status = 'publish'))  ORDER BY wp_posts.post_date DESC  made by do_action('toplevel_page_theme_options'), WP_Hook->do_action, WP_Hook->apply_filters, Redux_Page_Render->generate_panel, Redux_Panel->init, Redux_Panel->panel_template, Redux_Panel->get_template, require('/plugins/redux-framework/redux-core/templates/panel/container.tpl.php'), Redux_Panel->get_template, require('/plugins/redux-framework/redux-core/templates/panel/content.tpl.php'), Redux_Panel->output_section, do_settings_sections, do_settings_fields, Redux_Page_Render->field_input, Redux_Select->render, Redux_WordPress_Data->get, Redux_WordPress_Data->get_data, get_posts, WP_Query->query, WP_Query->get_posts
[30-Aug-2020 06:54:01 UTC] PHP Warning:  array_map(): Expected parameter 2 to be an array, string given in /home1/wihendwa/public_html/wp-includes/class-wp-query.php on line 2077
[30-Aug-2020 06:54:01 UTC] PHP Warning:  implode(): Invalid arguments passed in /home1/wihendwa/public_html/wp-includes/class-wp-query.php on line 2077
[30-Aug-2020 06:54:01 UTC] WordPress database error You have an error in your SQL syntax; check the manual that corresponds to your MySQL server version for the right syntax to use near ') AND wp_posts.post_type = 'static_block' AND ((wp_posts.post_status = 'publish'' at line 1 for query SELECT   wp_posts.* FROM wp_posts  WHERE 1=1  AND wp_posts.ID IN () AND wp_posts.post_type = 'static_block' AND ((wp_posts.post_status = 'publish'))  ORDER BY wp_posts.post_date DESC  made by do_action('toplevel_page_theme_options'), WP_Hook->do_action, WP_Hook->apply_filters, Redux_Page_Render->generate_panel, Redux_Panel->init, Redux_Panel->panel_template, Redux_Panel->get_template, require('/plugins/redux-framework/redux-core/templates/panel/container.tpl.php'), Redux_Panel->get_template, require('/plugins/redux-framework/redux-core/templates/panel/content.tpl.php'), Redux_Panel->output_section, do_settings_sections, do_settings_fields, Redux_Page_Render->field_input, Redux_Select->render, Redux_WordPress_Data->get, Redux_WordPress_Data->get_data, get_posts, WP_Query->query, WP_Query->get_posts
[20-Oct-2020 10:03:55 UTC] PHP Warning:  array_map(): Expected parameter 2 to be an array, string given in /home1/wihendwa/public_html/wp-includes/class-wp-query.php on line 2077
[20-Oct-2020 10:03:55 UTC] PHP Warning:  implode(): Invalid arguments passed in /home1/wihendwa/public_html/wp-includes/class-wp-query.php on line 2077
[20-Oct-2020 10:03:55 UTC] WordPress database error You have an error in your SQL syntax; check the manual that corresponds to your MySQL server version for the right syntax to use near ') AND wp_posts.post_type = 'static_block' AND ((wp_posts.post_status = 'publish'' at line 1 for query SELECT   wp_posts.* FROM wp_posts  WHERE 1=1  AND wp_posts.ID IN () AND wp_posts.post_type = 'static_block' AND ((wp_posts.post_status = 'publish'))  ORDER BY wp_posts.post_date DESC  made by do_action('toplevel_page_theme_options'), WP_Hook->do_action, WP_Hook->apply_filters, Redux_Page_Render->generate_panel, Redux_Panel->init, Redux_Panel->panel_template, Redux_Panel->get_template, require('/plugins/redux-framework/redux-core/templates/panel/container.tpl.php'), Redux_Panel->get_template, require('/plugins/redux-framework/redux-core/templates/panel/content.tpl.php'), Redux_Panel->output_section, do_settings_sections, do_settings_fields, Redux_Page_Render->field_input, Redux_Select->render, Redux_WordPress_Data->get, Redux_WordPress_Data->get_data, get_posts, WP_Query->query, WP_Query->get_posts
[20-Oct-2020 10:36:50 UTC] PHP Warning:  array_map(): Expected parameter 2 to be an array, string given in /home1/wihendwa/public_html/wp-includes/class-wp-query.php on line 2077
[20-Oct-2020 10:36:50 UTC] PHP Warning:  implode(): Invalid arguments passed in /home1/wihendwa/public_html/wp-includes/class-wp-query.php on line 2077
[20-Oct-2020 10:36:50 UTC] WordPress database error You have an error in your SQL syntax; check the manual that corresponds to your MySQL server version for the right syntax to use near ') AND wp_posts.post_type = 'static_block' AND ((wp_posts.post_status = 'publish'' at line 1 for query SELECT   wp_posts.* FROM wp_posts  WHERE 1=1  AND wp_posts.ID IN () AND wp_posts.post_type = 'static_block' AND ((wp_posts.post_status = 'publish'))  ORDER BY wp_posts.post_date DESC  made by do_action('toplevel_page_theme_options'), WP_Hook->do_action, WP_Hook->apply_filters, Redux_Page_Render->generate_panel, Redux_Panel->init, Redux_Panel->panel_template, Redux_Panel->get_template, require('/plugins/redux-framework/redux-core/templates/panel/container.tpl.php'), Redux_Panel->get_template, require('/plugins/redux-framework/redux-core/templates/panel/content.tpl.php'), Redux_Panel->output_section, do_settings_sections, do_settings_fields, Redux_Page_Render->field_input, Redux_Select->render, Redux_WordPress_Data->get, Redux_WordPress_Data->get_data, get_posts, WP_Query->query, WP_Query->get_posts
[20-Oct-2020 10:37:43 UTC] PHP Warning:  array_map(): Expected parameter 2 to be an array, string given in /home1/wihendwa/public_html/wp-includes/class-wp-query.php on line 2077
[20-Oct-2020 10:37:43 UTC] PHP Warning:  implode(): Invalid arguments passed in /home1/wihendwa/public_html/wp-includes/class-wp-query.php on line 2077
[20-Oct-2020 10:37:43 UTC] WordPress database error You have an error in your SQL syntax; check the manual that corresponds to your MySQL server version for the right syntax to use near ') AND wp_posts.post_type = 'static_block' AND ((wp_posts.post_status = 'publish'' at line 1 for query SELECT   wp_posts.* FROM wp_posts  WHERE 1=1  AND wp_posts.ID IN () AND wp_posts.post_type = 'static_block' AND ((wp_posts.post_status = 'publish'))  ORDER BY wp_posts.post_date DESC  made by do_action('customize_controls_print_footer_scripts'), WP_Hook->do_action, WP_Hook->apply_filters, WP_Customize_Manager->customize_pane_settings, WP_Customize_Control->json, WP_Customize_Control->to_json, WP_Customize_Control->get_content, WP_Customize_Control->maybe_render, Redux_Customizer_Control->render, Redux_Customizer_Control->render_content, do_action('redux/advanced_customizer/control/render/electro_options-shop_jumbotron_id'), WP_Hook->do_action, WP_Hook->apply_filters, Redux_Extension_Customizer->render, Redux_Page_Render->field_input, Redux_Select->render, Redux_WordPress_Data->get, Redux_WordPress_Data->get_data, get_posts, WP_Query->query, WP_Query->get_posts
[20-Oct-2020 10:37:56 UTC] PHP Warning:  array_map(): Expected parameter 2 to be an array, string given in /home1/wihendwa/public_html/wp-includes/class-wp-query.php on line 2077
[20-Oct-2020 10:37:56 UTC] PHP Warning:  implode(): Invalid arguments passed in /home1/wihendwa/public_html/wp-includes/class-wp-query.php on line 2077
[20-Oct-2020 10:37:56 UTC] WordPress database error You have an error in your SQL syntax; check the manual that corresponds to your MySQL server version for the right syntax to use near ') AND wp_posts.post_type = 'static_block' AND ((wp_posts.post_status = 'publish'' at line 1 for query SELECT   wp_posts.* FROM wp_posts  WHERE 1=1  AND wp_posts.ID IN () AND wp_posts.post_type = 'static_block' AND ((wp_posts.post_status = 'publish'))  ORDER BY wp_posts.post_date DESC  made by do_action('customize_controls_print_footer_scripts'), WP_Hook->do_action, WP_Hook->apply_filters, WP_Customize_Manager->customize_pane_settings, WP_Customize_Control->json, WP_Customize_Control->to_json, WP_Customize_Control->get_content, WP_Customize_Control->maybe_render, Redux_Customizer_Control->render, Redux_Customizer_Control->render_content, do_action('redux/advanced_customizer/control/render/electro_options-shop_jumbotron_id'), WP_Hook->do_action, WP_Hook->apply_filters, Redux_Extension_Customizer->render, Redux_Page_Render->field_input, Redux_Select->render, Redux_WordPress_Data->get, Redux_WordPress_Data->get_data, get_posts, WP_Query->query, WP_Query->get_posts
[20-Oct-2020 11:27:21 UTC] PHP Warning:  array_map(): Expected parameter 2 to be an array, string given in /home1/wihendwa/public_html/wp-includes/class-wp-query.php on line 2077
[20-Oct-2020 11:27:21 UTC] PHP Warning:  implode(): Invalid arguments passed in /home1/wihendwa/public_html/wp-includes/class-wp-query.php on line 2077
[20-Oct-2020 11:27:21 UTC] WordPress database error You have an error in your SQL syntax; check the manual that corresponds to your MySQL server version for the right syntax to use near ') AND wp_posts.post_type = 'static_block' AND ((wp_posts.post_status = 'publish'' at line 1 for query SELECT   wp_posts.* FROM wp_posts  WHERE 1=1  AND wp_posts.ID IN () AND wp_posts.post_type = 'static_block' AND ((wp_posts.post_status = 'publish'))  ORDER BY wp_posts.post_date DESC  made by do_action('toplevel_page_theme_options'), WP_Hook->do_action, WP_Hook->apply_filters, Redux_Page_Render->generate_panel, Redux_Panel->init, Redux_Panel->panel_template, Redux_Panel->get_template, require('/plugins/redux-framework/redux-core/templates/panel/container.tpl.php'), Redux_Panel->get_template, require('/plugins/redux-framework/redux-core/templates/panel/content.tpl.php'), Redux_Panel->output_section, do_settings_sections, do_settings_fields, Redux_Page_Render->field_input, Redux_Select->render, Redux_WordPress_Data->get, Redux_WordPress_Data->get_data, get_posts, WP_Query->query, WP_Query->get_posts
[18-Mar-2022 08:08:02 UTC] PHP Warning:  Invalid argument supplied for foreach() in /home1/wihendwa/public_html/wp-content/plugins/wp-whatsapp-chat/includes/controllers/ContactController.php on line 49
